2018-08-14 10:12:11 Notice: Deprecated (16384): You no longer need to call `Plugin::routes()` after upgrading to use Http\Server. See https://book.cakephp.org/3.0/en/development/application.html#adding-the-new-http-stack-to-an-existing-application for upgrade information. - C:\xampp\htdocs\soporte_ti\config\routes.php, line: 88
 You can disable deprecation warnings by setting `Error.errorLevel` to `E_ALL & ~E_USER_DEPRECATED` in your config/app.php. in [C:\xampp\htdocs\soporte_ti\vendor\cakephp\cakephp\src\Core\functions.php, line 312]
Trace:
Cake\Error\BaseErrorHandler::handleError() - CORE\src\Error\BaseErrorHandler.php, line 159
deprecationWarning - CORE\src\Core\functions.php, line 312
Cake\Core\Plugin::routes() - CORE\src\Core\Plugin.php, line 349
require - ROOT\config\routes.php, line 88
Cake\Http\BaseApplication::routes() - CORE\src\Http\BaseApplication.php, line 172
Cake\Console\CommandRunner::loadRoutes() - CORE\src\Console\CommandRunner.php, line 377
Cake\Console\CommandRunner::run() - CORE\src\Console\CommandRunner.php, line 150
[main] - ROOT\bin\cake.php, line 12



2018-08-14 10:12:11 Notice: Deprecated (16384): You no longer need to call `Plugin::routes()` after upgrading to use Http\Server. See https://book.cakephp.org/3.0/en/development/application.html#adding-the-new-http-stack-to-an-existing-application for upgrade information. - C:\xampp\htdocs\soporte_ti\vendor\cakephp\cakephp\src\Core\Plugin.php, line: 352
 You can disable deprecation warnings by setting `Error.errorLevel` to `E_ALL & ~E_USER_DEPRECATED` in your config/app.php. in [C:\xampp\htdocs\soporte_ti\vendor\cakephp\cakephp\src\Core\functions.php, line 312]
Trace:
Cake\Error\BaseErrorHandler::handleError() - CORE\src\Error\BaseErrorHandler.php, line 159
deprecationWarning - CORE\src\Core\functions.php, line 312
Cake\Core\Plugin::routes() - CORE\src\Core\Plugin.php, line 349
Cake\Core\Plugin::routes() - CORE\src\Core\Plugin.php, line 352
require - ROOT\config\routes.php, line 88
Cake\Http\BaseApplication::routes() - CORE\src\Http\BaseApplication.php, line 172
Cake\Console\CommandRunner::loadRoutes() - CORE\src\Console\CommandRunner.php, line 377
Cake\Console\CommandRunner::run() - CORE\src\Console\CommandRunner.php, line 150
[main] - ROOT\bin\cake.php, line 12



2018-08-14 10:12:11 Notice: Deprecated (16384): You no longer need to call `Plugin::routes()` after upgrading to use Http\Server. See https://book.cakephp.org/3.0/en/development/application.html#adding-the-new-http-stack-to-an-existing-application for upgrade information. - C:\xampp\htdocs\soporte_ti\vendor\cakephp\cakephp\src\Core\Plugin.php, line: 352
 You can disable deprecation warnings by setting `Error.errorLevel` to `E_ALL & ~E_USER_DEPRECATED` in your config/app.php. in [C:\xampp\htdocs\soporte_ti\vendor\cakephp\cakephp\src\Core\functions.php, line 312]
Trace:
Cake\Error\BaseErrorHandler::handleError() - CORE\src\Error\BaseErrorHandler.php, line 159
deprecationWarning - CORE\src\Core\functions.php, line 312
Cake\Core\Plugin::routes() - CORE\src\Core\Plugin.php, line 349
Cake\Core\Plugin::routes() - CORE\src\Core\Plugin.php, line 352
require - ROOT\config\routes.php, line 88
Cake\Http\BaseApplication::routes() - CORE\src\Http\BaseApplication.php, line 172
Cake\Console\CommandRunner::loadRoutes() - CORE\src\Console\CommandRunner.php, line 377
Cake\Console\CommandRunner::run() - CORE\src\Console\CommandRunner.php, line 150
[main] - ROOT\bin\cake.php, line 12



2018-08-14 10:12:11 Notice: Deprecated (16384): You no longer need to call `Plugin::routes()` after upgrading to use Http\Server. See https://book.cakephp.org/3.0/en/development/application.html#adding-the-new-http-stack-to-an-existing-application for upgrade information. - C:\xampp\htdocs\soporte_ti\vendor\cakephp\cakephp\src\Core\Plugin.php, line: 352
 You can disable deprecation warnings by setting `Error.errorLevel` to `E_ALL & ~E_USER_DEPRECATED` in your config/app.php. in [C:\xampp\htdocs\soporte_ti\vendor\cakephp\cakephp\src\Core\functions.php, line 312]
Trace:
Cake\Error\BaseErrorHandler::handleError() - CORE\src\Error\BaseErrorHandler.php, line 159
deprecationWarning - CORE\src\Core\functions.php, line 312
Cake\Core\Plugin::routes() - CORE\src\Core\Plugin.php, line 349
Cake\Core\Plugin::routes() - CORE\src\Core\Plugin.php, line 352
require - ROOT\config\routes.php, line 88
Cake\Http\BaseApplication::routes() - CORE\src\Http\BaseApplication.php, line 172
Cake\Console\CommandRunner::loadRoutes() - CORE\src\Console\CommandRunner.php, line 377
Cake\Console\CommandRunner::run() - CORE\src\Console\CommandRunner.php, line 150
[main] - ROOT\bin\cake.php, line 12



2018-08-14 10:12:11 Notice: Deprecated (16384): You no longer need to call `Plugin::routes()` after upgrading to use Http\Server. See https://book.cakephp.org/3.0/en/development/application.html#adding-the-new-http-stack-to-an-existing-application for upgrade information. - C:\xampp\htdocs\soporte_ti\vendor\cakephp\cakephp\src\Core\Plugin.php, line: 352
 You can disable deprecation warnings by setting `Error.errorLevel` to `E_ALL & ~E_USER_DEPRECATED` in your config/app.php. in [C:\xampp\htdocs\soporte_ti\vendor\cakephp\cakephp\src\Core\functions.php, line 312]
Trace:
Cake\Error\BaseErrorHandler::handleError() - CORE\src\Error\BaseErrorHandler.php, line 159
deprecationWarning - CORE\src\Core\functions.php, line 312
Cake\Core\Plugin::routes() - CORE\src\Core\Plugin.php, line 349
Cake\Core\Plugin::routes() - CORE\src\Core\Plugin.php, line 352
require - ROOT\config\routes.php, line 88
Cake\Http\BaseApplication::routes() - CORE\src\Http\BaseApplication.php, line 172
Cake\Console\CommandRunner::loadRoutes() - CORE\src\Console\CommandRunner.php, line 377
Cake\Console\CommandRunner::run() - CORE\src\Console\CommandRunner.php, line 150
[main] - ROOT\bin\cake.php, line 12



2018-08-14 10:12:11 Notice: Deprecated (16384): You no longer need to call `Plugin::routes()` after upgrading to use Http\Server. See https://book.cakephp.org/3.0/en/development/application.html#adding-the-new-http-stack-to-an-existing-application for upgrade information. - C:\xampp\htdocs\soporte_ti\config\routes.php, line: 131
 You can disable deprecation warnings by setting `Error.errorLevel` to `E_ALL & ~E_USER_DEPRECATED` in your config/app.php. in [C:\xampp\htdocs\soporte_ti\vendor\cakephp\cakephp\src\Core\functions.php, line 312]
Trace:
Cake\Error\BaseErrorHandler::handleError() - CORE\src\Error\BaseErrorHandler.php, line 159
deprecationWarning - CORE\src\Core\functions.php, line 312
Cake\Core\Plugin::routes() - CORE\src\Core\Plugin.php, line 349
require - ROOT\config\routes.php, line 131
Cake\Http\BaseApplication::routes() - CORE\src\Http\BaseApplication.php, line 172
Cake\Console\CommandRunner::loadRoutes() - CORE\src\Console\CommandRunner.php, line 377
Cake\Console\CommandRunner::run() - CORE\src\Console\CommandRunner.php, line 150
[main] - ROOT\bin\cake.php, line 12



2018-08-14 10:12:11 Notice: Deprecated (16384): You no longer need to call `Plugin::routes()` after upgrading to use Http\Server. See https://book.cakephp.org/3.0/en/development/application.html#adding-the-new-http-stack-to-an-existing-application for upgrade information. - C:\xampp\htdocs\soporte_ti\vendor\cakephp\cakephp\src\Core\Plugin.php, line: 352
 You can disable deprecation warnings by setting `Error.errorLevel` to `E_ALL & ~E_USER_DEPRECATED` in your config/app.php. in [C:\xampp\htdocs\soporte_ti\vendor\cakephp\cakephp\src\Core\functions.php, line 312]
Trace:
Cake\Error\BaseErrorHandler::handleError() - CORE\src\Error\BaseErrorHandler.php, line 159
deprecationWarning - CORE\src\Core\functions.php, line 312
Cake\Core\Plugin::routes() - CORE\src\Core\Plugin.php, line 349
Cake\Core\Plugin::routes() - CORE\src\Core\Plugin.php, line 352
require - ROOT\config\routes.php, line 131
Cake\Http\BaseApplication::routes() - CORE\src\Http\BaseApplication.php, line 172
Cake\Console\CommandRunner::loadRoutes() - CORE\src\Console\CommandRunner.php, line 377
Cake\Console\CommandRunner::run() - CORE\src\Console\CommandRunner.php, line 150
[main] - ROOT\bin\cake.php, line 12



2018-08-14 10:12:11 Notice: Deprecated (16384): You no longer need to call `Plugin::routes()` after upgrading to use Http\Server. See https://book.cakephp.org/3.0/en/development/application.html#adding-the-new-http-stack-to-an-existing-application for upgrade information. - C:\xampp\htdocs\soporte_ti\vendor\cakephp\cakephp\src\Core\Plugin.php, line: 352
 You can disable deprecation warnings by setting `Error.errorLevel` to `E_ALL & ~E_USER_DEPRECATED` in your config/app.php. in [C:\xampp\htdocs\soporte_ti\vendor\cakephp\cakephp\src\Core\functions.php, line 312]
Trace:
Cake\Error\BaseErrorHandler::handleError() - CORE\src\Error\BaseErrorHandler.php, line 159
deprecationWarning - CORE\src\Core\functions.php, line 312
Cake\Core\Plugin::routes() - CORE\src\Core\Plugin.php, line 349
Cake\Core\Plugin::routes() - CORE\src\Core\Plugin.php, line 352
require - ROOT\config\routes.php, line 131
Cake\Http\BaseApplication::routes() - CORE\src\Http\BaseApplication.php, line 172
Cake\Console\CommandRunner::loadRoutes() - CORE\src\Console\CommandRunner.php, line 377
Cake\Console\CommandRunner::run() - CORE\src\Console\CommandRunner.php, line 150
[main] - ROOT\bin\cake.php, line 12



2018-08-14 10:12:11 Notice: Deprecated (16384): You no longer need to call `Plugin::routes()` after upgrading to use Http\Server. See https://book.cakephp.org/3.0/en/development/application.html#adding-the-new-http-stack-to-an-existing-application for upgrade information. - C:\xampp\htdocs\soporte_ti\vendor\cakephp\cakephp\src\Core\Plugin.php, line: 352
 You can disable deprecation warnings by setting `Error.errorLevel` to `E_ALL & ~E_USER_DEPRECATED` in your config/app.php. in [C:\xampp\htdocs\soporte_ti\vendor\cakephp\cakephp\src\Core\functions.php, line 312]
Trace:
Cake\Error\BaseErrorHandler::handleError() - CORE\src\Error\BaseErrorHandler.php, line 159
deprecationWarning - CORE\src\Core\functions.php, line 312
Cake\Core\Plugin::routes() - CORE\src\Core\Plugin.php, line 349
Cake\Core\Plugin::routes() - CORE\src\Core\Plugin.php, line 352
require - ROOT\config\routes.php, line 131
Cake\Http\BaseApplication::routes() - CORE\src\Http\BaseApplication.php, line 172
Cake\Console\CommandRunner::loadRoutes() - CORE\src\Console\CommandRunner.php, line 377
Cake\Console\CommandRunner::run() - CORE\src\Console\CommandRunner.php, line 150
[main] - ROOT\bin\cake.php, line 12



2018-08-14 10:12:11 Notice: Deprecated (16384): You no longer need to call `Plugin::routes()` after upgrading to use Http\Server. See https://book.cakephp.org/3.0/en/development/application.html#adding-the-new-http-stack-to-an-existing-application for upgrade information. - C:\xampp\htdocs\soporte_ti\vendor\cakephp\cakephp\src\Core\Plugin.php, line: 352
 You can disable deprecation warnings by setting `Error.errorLevel` to `E_ALL & ~E_USER_DEPRECATED` in your config/app.php. in [C:\xampp\htdocs\soporte_ti\vendor\cakephp\cakephp\src\Core\functions.php, line 312]
Trace:
Cake\Error\BaseErrorHandler::handleError() - CORE\src\Error\BaseErrorHandler.php, line 159
deprecationWarning - CORE\src\Core\functions.php, line 312
Cake\Core\Plugin::routes() - CORE\src\Core\Plugin.php, line 349
Cake\Core\Plugin::routes() - CORE\src\Core\Plugin.php, line 352
require - ROOT\config\routes.php, line 131
Cake\Http\BaseApplication::routes() - CORE\src\Http\BaseApplication.php, line 172
Cake\Console\CommandRunner::loadRoutes() - CORE\src\Console\CommandRunner.php, line 377
Cake\Console\CommandRunner::run() - CORE\src\Console\CommandRunner.php, line 150
[main] - ROOT\bin\cake.php, line 12



2018-08-14 11:42:39 Notice: Notice (8): Undefined index: Grupos in [C:\xampp\htdocs\soporte_ti\vendor\cakephp\bake\src\View\Helper\DocBlockHelper.php, line 238]
Trace:
Cake\Error\BaseErrorHandler::handleError() - CORE\src\Error\BaseErrorHandler.php, line 153
Bake\View\Helper\DocBlockHelper::buildTableAnnotations() - ROOT\vendor\cakephp\bake\src\View\Helper\DocBlockHelper.php, line 238
Twig_Template::getAttribute() - ROOT\vendor\twig\twig\lib\Twig\Template.php, line 679
__TwigTemplate_e5b67c74adbebba87e2d6f0a6a854dc2a0277267731eaa7417f51608cd8bdd88::doDisplay() - ROOT\tmp\cache\twigView\e0\e0011de7672a6b1f3e99393649e60c00869804380be9dc1daaceb0130daf3207.php, line 22
Twig_Template::displayWithErrorHandling() - ROOT\vendor\twig\twig\lib\Twig\Template.php, line 432
Twig_Template::display() - ROOT\vendor\twig\twig\lib\Twig\Template.php, line 403
Twig_Template::render() - ROOT\vendor\twig\twig\lib\Twig\Template.php, line 411
WyriHaximus\TwigView\View\TwigView::_render() - ROOT\vendor\wyrihaximus\twig-view\src\View\TwigView.php, line 180
Bake\View\BakeView::render() - ROOT\vendor\cakephp\bake\src\View\BakeView.php, line 146
Bake\Shell\Task\BakeTemplateTask::generate() - ROOT\vendor\cakephp\bake\src\Shell\Task\BakeTemplateTask.php, line 89
Bake\Shell\Task\ModelTask::bakeTable() - ROOT\vendor\cakephp\bake\src\Shell\Task\ModelTask.php, line 956
Bake\Shell\Task\ModelTask::bake() - ROOT\vendor\cakephp\bake\src\Shell\Task\ModelTask.php, line 114
Bake\Shell\Task\ModelTask::main() - ROOT\vendor\cakephp\bake\src\Shell\Task\ModelTask.php, line 100
Cake\Console\Shell::runCommand() - CORE\src\Console\Shell.php, line 507
Cake\Console\Shell::runCommand() - CORE\src\Console\Shell.php, line 500
Cake\Console\CommandRunner::run() - CORE\src\Console\CommandRunner.php, line 141
[main] - ROOT\bin\cake.php, line 12



